1693108568588	geckodriver	INFO	Listening on 127.0.0.1:52648
1693108571775	mozrunner::runner	INFO	Running command: "C:\\Program Files\\Mozilla Firefox\\firefox.exe" "--marionette" "--remote-debugging-port" "52649" "--remote-allow-hosts" "localhost" "-no-remote" "-profile" "C:\\Users\\Hp\\AppData\\Local\\Temp\\rust_mozprofileh9kOLN"
console.warn: services.settings: Ignoring preference override of remote settings server
console.warn: services.settings: Allow by setting MOZ_REMOTE_SETTINGS_DEVTOOLS=1 in the environment
1693108575512	Marionette	INFO	Marionette enabled
Dynamically enable window occlusion 0
1693108576127	Marionette	INFO	Listening on port 52659
Read port: 52659
WebDriver BiDi listening on ws://127.0.0.1:52649
1693108577208	RemoteAgent	WARN	TLS certificate errors will be ignored for this session
DevTools listening on ws://127.0.0.1:52649/devtools/browser/a3b403d7-360e-4330-847f-756d2efc7de5
[Parent 9196, IPC I/O Parent] WARNING: DuplicateHandle failed for handle 0 in TransferHandles: file /builds/worker/checkouts/gecko/ipc/chromium/src/chrome/common/ipc_channel_win.cc:621
[GPU 1740, IPC I/O Child] WARNING: pipe error: 232: file /builds/worker/checkouts/gecko/ipc/chromium/src/chrome/common/ipc_channel_win.cc:443
1693109169433	Marionette	INFO	Stopped listening on port 52659
Dynamically enable window occlusion 1
[Parent 9196, IPC I/O Parent] WARNING: DuplicateHandle failed for handle 0 in TransferHandles: file /builds/worker/checkouts/gecko/ipc/chromium/src/chrome/common/ipc_channel_win.cc:621
[GPU 1740, IPC I/O Child] WARNING: pipe error: 232: file /builds/worker/checkouts/gecko/ipc/chromium/src/chrome/common/ipc_channel_win.cc:443
[Parent 9196, IPC I/O Parent] WARNING: DuplicateHandle failed for handle 0 in TransferHandles: file /builds/worker/checkouts/gecko/ipc/chromium/src/chrome/common/ipc_channel_win.cc:621
[GPU 1740, IPC I/O Child] WARNING: pipe error: 232: file /builds/worker/checkouts/gecko/ipc/chromium/src/chrome/common/ipc_channel_win.cc:443
[Parent 9196, IPC I/O Parent] WARNING: DuplicateHandle failed for handle 0 in TransferHandles: file /builds/worker/checkouts/gecko/ipc/chromium/src/chrome/common/ipc_channel_win.cc:621
[GPU 1740, IPC I/O Child] WARNING: pipe error: 232: file /builds/worker/checkouts/gecko/ipc/chromium/src/chrome/common/ipc_channel_win.cc:443
[Parent 9196, IPC I/O Parent] WARNING: DuplicateHandle failed for handle 0 in TransferHandles: file /builds/worker/checkouts/gecko/ipc/chromium/src/chrome/common/ipc_channel_win.cc:621
[GPU 1740, IPC I/O Child] WARNING: pipe error: 232: file /builds/worker/checkouts/gecko/ipc/chromium/src/chrome/common/ipc_channel_win.cc:443
[Parent 9196, IPC I/O Parent] WARNING: DuplicateHandle failed for handle 0 in TransferHandles: file /builds/worker/checkouts/gecko/ipc/chromium/src/chrome/common/ipc_channel_win.cc:621
[GPU 1740, IPC I/O Child] WARNING: pipe error: 232: file /builds/worker/checkouts/gecko/ipc/chromium/src/chrome/common/ipc_channel_win.cc:443
gecko/ipc/chromium/src/chrome/common/ipc_channel_win.cc:443
[Parent 18704, IPC I/O Parent] WARNING: DuplicateHandle failed for handle 0 in TransferHandles: file /builds/worker/checkouts/gecko/ipc/chromium/src/chrome/common/ipc_channel_win.cc:621
[GPU 20612, IPC I/O Child] WARNING: pipe error: 232: file /builds/worker/checkouts/gecko/ipc/chromium/src/chrome/common/ipc_channel_win.cc:443
[Parent 18704, IPC I/O Parent] WARNING: DuplicateHandle failed for handle 0 in TransferHandles: file /builds/worker/checkouts/gecko/ipc/chromium/src/chrome/common/ipc_channel_win.cc:621
[GPU 20612, IPC I/O Child] WARNING: pipe error: 232: file /builds/worker/checkouts/gecko/ipc/chromium/src/chrome/common/ipc_channel_win.cc:443
[Parent 18704, IPC I/O Parent] WARNING: DuplicateHandle failed for handle 0 in TransferHandles: file /builds/worker/checkouts/gecko/ipc/chromium/src/chrome/common/ipc_channel_win.cc:621
[GPU 20612, IPC I/O Child] WARNING: pipe error: 232: file /builds/worker/checkouts/gecko/ipc/chromium/src/chrome/common/ipc_channel_win.cc:443
1693110759176	geckodriver	INFO	Listening on 127.0.0.1:53435
1693110762189	mozrunner::runner	INFO	Running command: "C:\\Program Files\\Mozilla Firefox\\firefox.exe" "--marionette" "--remote-debugging-port" "53436" "--remote-allow-hosts" "localhost" "-no-remote" "-profile" "C:\\Users\\Hp\\AppData\\Local\\Temp\\rust_mozprofileDczrtG"
console.warn: services.settings: Ignoring preference override of remote settings server
console.warn: services.settings: Allow by setting MOZ_REMOTE_SETTINGS_DEVTOOLS=1 in the environment
1693110762923	Marionette	INFO	Marionette enabled
Dynamically enable window occlusion 0
1693110763133	Marionette	INFO	Listening on port 53443
WebDriver BiDi listening on ws://127.0.0.1:53436
Read port: 53443
1693110764479	RemoteAgent	WARN	TLS certificate errors will be ignored for this session
DevTools listening on ws://127.0.0.1:53436/devtools/browser/95060102-a26c-422e-8021-d67c660a6439
[Parent 5172, IPC I/O Parent] WARNING: DuplicateHandle failed for handle 0 in TransferHandles: file /builds/worker/checkouts/gecko/ipc/chromium/src/chrome/common/ipc_channel_win.cc:621
[GPU 20732, IPC I/O Child] WARNING: pipe error: 232: file /builds/worker/checkouts/gecko/ipc/chromium/src/chrome/common/ipc_channel_win.cc:443
JavaScript error: , line 0: NS_ERROR_NOT_AVAILABLE
JavaScript error: resource://gre/modules/PromiseWorker.sys.mjs, line 102: Error: Could not get children of file(C:\Users\Hp\AppData\Local\Temp\rust_mozprofileDczrtG\thumbnails) because it does not exist
JavaScript error: resource://gre/modules/PromiseWorker.sys.mjs, line 102: Error: Could not get children of file(C:\Users\Hp\AppData\Local\Temp\rust_mozprofileDczrtG\thumbnails) because it does not exist
1693209844170	addons.xpi	ERROR	System addon update list error Error: Failed downloading XML, status: 0, channelStatus: 2152398878, errorCode: 2, reason: error
JavaScript error: resource://gre/modules/PromiseWorker.sys.mjs, line 102: Error: Could not get children of file(C:\Users\Hp\AppData\Local\Temp\rust_mozprofileDczrtG\thumbnails) because it does not exist
JavaScript error: resource://gre/modules/PromiseWorker.sys.mjs, line 102: Error: Could not get children of file(C:\Users\Hp\AppData\Local\Temp\rust_mozprofileDczrtG\thumbnails) because it does not exist
JavaScript error: resource://gre/modules/PromiseWorker.sys.mjs, line 102: Error: Could not get children of file(C:\Users\Hp\AppData\Local\Temp\rust_mozprofileDczrtG\thumbnails) because it does not exist
JavaScript error: resource://gre/modules/PromiseWorker.sys.mjs, line 102: Error: Could not get children of file(C:\Users\Hp\AppData\Local\Temp\rust_mozprofileDczrtG\thumbnails) because it does not exist
JavaScript error: resource://gre/modules/PromiseWorker.sys.mjs, line 102: Error: Could not get children of file(C:\Users\Hp\AppData\Local\Temp\rust_mozprofileDczrtG\thumbnails) because it does not exist
JavaScript error: resource://gre/modules/PromiseWorker.sys.mjs, line 102: Error: Could not get children of file(C:\Users\Hp\AppData\Local\Temp\rust_mozprofileDczrtG\thumbnails) because it does not exist
1693229165638	Marionette	INFO	Stopped listening on port 53443
Dynamically enable window occlusion 1
[Parent 5172, IPC I/O Parent] WARNING: DuplicateHandle failed for handle 0 in TransferHandles: file /builds/worker/checkouts/gecko/ipc/chromium/src/chrome/common/ipc_channel_win.cc:621
[GPU 20732, IPC I/O Child] WARNING: pipe error: 232: file /builds/worker/checkouts/gecko/ipc/chromium/src/chrome/common/ipc_channel_win.cc:443
ild] WARNING: pipe error: 232: file /builds/worker/checkouts/gecko/ipc/chromium/src/chrome/common/ipc_channel_win.cc:443
[Parent 16176, IPC I/O Parent] WARNING: DuplicateHandle failed for handle 0 in TransferHandles: file /builds/worker/checkouts/gecko/ipc/chromium/src/chrome/common/ipc_channel_win.cc:621
[GPU 12276, IPC I/O Child] WARNING: pipe error: 232: file /builds/worker/checkouts/gecko/ipc/chromium/src/chrome/common/ipc_channel_win.cc:443
[Parent 16176, IPC I/O Parent] WARNING: DuplicateHandle failed for handle 0 in TransferHandles: file /builds/worker/checkouts/gecko/ipc/chromium/src/chrome/common/ipc_channel_win.cc:621
[GPU 12276, IPC I/O Child] WARNING: pipe error: 232: file /builds/worker/checkouts/gecko/ipc/chromium/src/chrome/common/ipc_channel_win.cc:443
